<?xml version="1.0" encoding="UTF-8"?>
<testng-results ignored="0" total="1" passed="1" failed="0" skipped="0">
  <reporter-output>
  </reporter-output>
  <suite started-at="2025-10-14T15:18:50 IST" name="Suite" finished-at="2025-10-14T15:18:53 IST" duration-ms="2724">
    <groups>
    </groups>
    <test started-at="2025-10-14T15:18:50 IST" name="Test" finished-at="2025-10-14T15:18:53 IST" duration-ms="2724">
      <class name="com.tests.Login">
        <test-method is-config="true" signature="loginfunctionalities()[pri:0, instance:com.tests.Login@368f2016]" started-at="2025-10-14T15:18:50 IST" name="loginfunctionalities" finished-at="2025-10-14T15:18:52 IST" duration-ms="2536" status="PASS">
          <reporter-output>
          </reporter-output>
        </test-method> <!-- loginfunctionalities -->
        <test-method signature="verifyTitle()[pri:0, instance:com.tests.Login@368f2016]" started-at="2025-10-14T15:18:53 IST" name="verifyTitle" finished-at="2025-10-14T15:18:53 IST" duration-ms="0" status="PASS">
          <reporter-output>
          </reporter-output>
        </test-method> <!-- verifyTitle -->
        <test-method is-config="true" signature="tearDown()[pri:0, instance:com.tests.Login@368f2016]" started-at="2025-10-14T15:18:53 IST" name="tearDown" finished-at="2025-10-14T15:18:53 IST" duration-ms="139" status="PASS">
          <reporter-output>
          </reporter-output>
        </test-method> <!-- tearDown -->
      </class> <!-- com.tests.Login -->
    </test> <!-- Test -->
  </suite> <!-- Suite -->
</testng-results>
