<?xml version="1.0" encoding="UTF-8"?>
<testng-results ignored="0" total="1" passed="1" failed="0" skipped="0">
  <reporter-output>
  </reporter-output>
  <suite started-at="2025-11-13T22:57:59 IST" name="Suite" finished-at="2025-11-13T22:58:08 IST" duration-ms="8798">
    <groups>
    </groups>
    <test started-at="2025-11-13T22:57:59 IST" name="Test" finished-at="2025-11-13T22:58:08 IST" duration-ms="8798">
      <class name="tests.LoginBasicTest">
        <test-method is-config="true" signature="setUp()[pri:0, instance:tests.LoginBasicTest@2c4ca0f9]" started-at="2025-11-13T22:57:59 IST" name="setUp" finished-at="2025-11-13T22:58:03 IST" duration-ms="4242" status="PASS">
          <reporter-output>
          </reporter-output>
        </test-method> <!-- setUp -->
        <test-method signature="login()[pri:0, instance:tests.LoginBasicTest@2c4ca0f9]" started-at="2025-11-13T22:58:03 IST" name="login" finished-at="2025-11-13T22:58:08 IST" duration-ms="4245" status="PASS">
          <reporter-output>
          </reporter-output>
        </test-method> <!-- login -->
        <test-method is-config="true" signature="tearDown()[pri:0, instance:tests.LoginBasicTest@2c4ca0f9]" started-at="2025-11-13T22:58:08 IST" name="tearDown" finished-at="2025-11-13T22:58:08 IST" duration-ms="231" status="PASS">
          <reporter-output>
          </reporter-output>
        </test-method> <!-- tearDown -->
      </class> <!-- tests.LoginBasicTest -->
    </test> <!-- Test -->
  </suite> <!-- Suite -->
</testng-results>
