<?xml version="1.0" encoding="UTF-8"?>
<testng-results ignored="0" total="1" passed="1" failed="0" skipped="0">
  <reporter-output>
  </reporter-output>
  <suite started-at="2025-11-14T17:37:08 IST" name="Suite" finished-at="2025-11-14T17:37:17 IST" duration-ms="9193">
    <groups>
    </groups>
    <test started-at="2025-11-14T17:37:08 IST" name="Test" finished-at="2025-11-14T17:37:17 IST" duration-ms="9193">
      <class name="tests.LoginBasicTest">
        <test-method is-config="true" signature="setUp()[pri:0, instance:tests.LoginBasicTest@791cbf87]" started-at="2025-11-14T17:37:08 IST" name="setUp" finished-at="2025-11-14T17:37:13 IST" duration-ms="4701" status="PASS">
          <reporter-output>
          </reporter-output>
        </test-method> <!-- setUp -->
        <test-method signature="login()[pri:0, instance:tests.LoginBasicTest@791cbf87]" started-at="2025-11-14T17:37:13 IST" name="login" finished-at="2025-11-14T17:37:17 IST" duration-ms="4221" status="PASS">
          <reporter-output>
          </reporter-output>
        </test-method> <!-- login -->
        <test-method is-config="true" signature="tearDown()[pri:0, instance:tests.LoginBasicTest@791cbf87]" started-at="2025-11-14T17:37:17 IST" name="tearDown" finished-at="2025-11-14T17:37:17 IST" duration-ms="187" status="PASS">
          <reporter-output>
          </reporter-output>
        </test-method> <!-- tearDown -->
      </class> <!-- tests.LoginBasicTest -->
    </test> <!-- Test -->
  </suite> <!-- Suite -->
</testng-results>
