<?xml version="1.0" encoding="UTF-8"?>
<!-- Generated by org.testng.reporters.JUnitReportReporter -->
<testsuite hostname="hp" failures="0" tests="4" name="setup.basetest" time="0.021" errors="0" timestamp="2026-06-23T11:04:39 IST" skipped="0">
  <testcase classname="setup.basetest" name="testmethod5" time="0.007"/>
  <system-out/>
  <testcase classname="setup.basetest" name="testmethod2" time="0.009"/>
  <system-out/>
  <testcase classname="setup.basetest" name="testmethod3" time="0.002"/>
  <system-out/>
  <testcase classname="setup.basetest" name="testmethod4" time="0.003"/>
  <system-out/>
</testsuite> <!-- setup.basetest -->
